<?xml version="1.0" encoding="UTF-8"?>
<testsuite xmlns:xsi="http://www.w3.org/2001/XMLSchema-instance" xsi:noNamespaceSchemaLocation="https://maven.apache.org/surefire/maven-surefire-plugin/xsd/surefire-test-report-3.0.xsd" version="3.0" name="TestSuite" time="74.097" tests="9" errors="0" skipped="0" failures="3">
  <properties>
    <property name="java.specification.version" value="17"/>
    <property name="sun.cpu.isalist" value="amd64"/>
    <property name="sun.jnu.encoding" value="Cp1252"/>
    <property name="java.class.path" value="D:\Automation_Training\Palvika_3161759_SeleniumAutomation\NAGPSeleniumAutomationFramework\target\test-classes;D:\Automation_Training\Palvika_3161759_SeleniumAutomation\NAGPSeleniumAutomationFramework\target\classes;C:\Users\palvika\.m2\repository\org\seleniumhq\selenium\selenium-java\4.8.3\selenium-java-4.8.3.jar;C:\Users\palvika\.m2\repository\org\seleniumhq\selenium\selenium-api\4.8.3\selenium-api-4.8.3.jar;C:\Users\palvika\.m2\repository\org\seleniumhq\selenium\selenium-chrome-driver\4.8.3\selenium-chrome-driver-4.8.3.jar;C:\Users\palvika\.m2\repository\com\google\auto\service\auto-service-annotations\1.0.1\auto-service-annotations-1.0.1.jar;C:\Users\palvika\.m2\repository\com\google\auto\service\auto-service\1.0.1\auto-service-1.0.1.jar;C:\Users\palvika\.m2\repository\com\google\auto\auto-common\1.2\auto-common-1.2.jar;C:\Users\palvika\.m2\repository\com\google\guava\guava\31.1-jre\guava-31.1-jre.jar;C:\Users\palvika\.m2\repository\com\google\guava\failureaccess\1.0.1\failureaccess-1.0.1.jar;C:\Users\palvika\.m2\repository\com\google\guava\listenablefuture\9999.0-empty-to-avoid-conflict-with-guava\listenablefuture-9999.0-empty-to-avoid-conflict-with-guava.jar;C:\Users\palvika\.m2\repository\com\google\code\findbugs\jsr305\3.0.2\jsr305-3.0.2.jar;C:\Users\palvika\.m2\repository\org\checkerframework\checker-qual\3.12.0\checker-qual-3.12.0.jar;C:\Users\palvika\.m2\repository\com\google\errorprone\error_prone_annotations\2.11.0\error_prone_annotations-2.11.0.jar;C:\Users\palvika\.m2\repository\com\google\j2objc\j2objc-annotations\1.3\j2objc-annotations-1.3.jar;C:\Users\palvika\.m2\repository\org\seleniumhq\selenium\selenium-chromium-driver\4.8.3\selenium-chromium-driver-4.8.3.jar;C:\Users\palvika\.m2\repository\org\seleniumhq\selenium\selenium-json\4.8.3\selenium-json-4.8.3.jar;C:\Users\palvika\.m2\repository\org\seleniumhq\selenium\selenium-manager\4.8.3\selenium-manager-4.8.3.jar;C:\Users\palvika\.m2\repository\org\seleniumhq\selenium\selenium-devtools-v109\4.8.3\selenium-devtools-v109-4.8.3.jar;C:\Users\palvika\.m2\repository\org\seleniumhq\selenium\selenium-devtools-v110\4.8.3\selenium-devtools-v110-4.8.3.jar;C:\Users\palvika\.m2\repository\org\seleniumhq\selenium\selenium-devtools-v111\4.8.3\selenium-devtools-v111-4.8.3.jar;C:\Users\palvika\.m2\repository\org\seleniumhq\selenium\selenium-devtools-v85\4.8.3\selenium-devtools-v85-4.8.3.jar;C:\Users\palvika\.m2\repository\org\seleniumhq\selenium\selenium-edge-driver\4.8.3\selenium-edge-driver-4.8.3.jar;C:\Users\palvika\.m2\repository\org\seleniumhq\selenium\selenium-firefox-driver\4.8.3\selenium-firefox-driver-4.8.3.jar;C:\Users\palvika\.m2\repository\org\seleniumhq\selenium\selenium-http\4.8.3\selenium-http-4.8.3.jar;C:\Users\palvika\.m2\repository\dev\failsafe\failsafe\3.3.1\failsafe-3.3.1.jar;C:\Users\palvika\.m2\repository\org\seleniumhq\selenium\selenium-ie-driver\4.8.3\selenium-ie-driver-4.8.3.jar;C:\Users\palvika\.m2\repository\org\seleniumhq\selenium\selenium-remote-driver\4.8.3\selenium-remote-driver-4.8.3.jar;C:\Users\palvika\.m2\repository\io\netty\netty-buffer\4.1.90.Final\netty-buffer-4.1.90.Final.jar;C:\Users\palvika\.m2\repository\io\netty\netty-codec-http\4.1.90.Final\netty-codec-http-4.1.90.Final.jar;C:\Users\palvika\.m2\repository\io\netty\netty-codec\4.1.90.Final\netty-codec-4.1.90.Final.jar;C:\Users\palvika\.m2\repository\io\netty\netty-handler\4.1.90.Final\netty-handler-4.1.90.Final.jar;C:\Users\palvika\.m2\repository\io\netty\netty-common\4.1.90.Final\netty-common-4.1.90.Final.jar;C:\Users\palvika\.m2\repository\io\netty\netty-transport-classes-epoll\4.1.90.Final\netty-transport-classes-epoll-4.1.90.Final.jar;C:\Users\palvika\.m2\repository\io\netty\netty-transport-classes-kqueue\4.1.90.Final\netty-transport-classes-kqueue-4.1.90.Final.jar;C:\Users\palvika\.m2\repository\io\netty\netty-transport-native-epoll\4.1.90.Final\netty-transport-native-epoll-4.1.90.Final.jar;C:\Users\palvika\.m2\repository\io\netty\netty-transport-native-kqueue\4.1.90.Final\netty-transport-native-kqueue-4.1.90.Final.jar;C:\Users\palvika\.m2\repository\io\netty\netty-transport-native-unix-common\4.1.90.Final\netty-transport-native-unix-common-4.1.90.Final.jar;C:\Users\palvika\.m2\repository\io\netty\netty-transport\4.1.90.Final\netty-transport-4.1.90.Final.jar;C:\Users\palvika\.m2\repository\io\netty\netty-resolver\4.1.90.Final\netty-resolver-4.1.90.Final.jar;C:\Users\palvika\.m2\repository\io\opentelemetry\opentelemetry-api\1.24.0\opentelemetry-api-1.24.0.jar;C:\Users\palvika\.m2\repository\io\opentelemetry\opentelemetry-context\1.24.0\opentelemetry-context-1.24.0.jar;C:\Users\palvika\.m2\repository\io\opentelemetry\opentelemetry-exporter-logging\1.24.0\opentelemetry-exporter-logging-1.24.0.jar;C:\Users\palvika\.m2\repository\io\opentelemetry\opentelemetry-sdk-metrics\1.24.0\opentelemetry-sdk-metrics-1.24.0.jar;C:\Users\palvika\.m2\repository\io\opentelemetry\opentelemetry-sdk-logs\1.24.0-alpha\opentelemetry-sdk-logs-1.24.0-alpha.jar;C:\Users\palvika\.m2\repository\io\opentelemetry\opentelemetry-api-logs\1.24.0-alpha\opentelemetry-api-logs-1.24.0-alpha.jar;C:\Users\palvika\.m2\repository\io\opentelemetry\opentelemetry-api-events\1.24.0-alpha\opentelemetry-api-events-1.24.0-alpha.jar;C:\Users\palvika\.m2\repository\io\opentelemetry\opentelemetry-sdk-common\1.24.0\opentelemetry-sdk-common-1.24.0.jar;C:\Users\palvika\.m2\repository\io\opentelemetry\opentelemetry-sdk-extension-autoconfigure-spi\1.24.0\opentelemetry-sdk-extension-autoconfigure-spi-1.24.0.jar;C:\Users\palvika\.m2\repository\io\opentelemetry\opentelemetry-sdk-extension-autoconfigure\1.24.0-alpha\opentelemetry-sdk-extension-autoconfigure-1.24.0-alpha.jar;C:\Users\palvika\.m2\repository\io\opentelemetry\opentelemetry-sdk-trace\1.24.0\opentelemetry-sdk-trace-1.24.0.jar;C:\Users\palvika\.m2\repository\io\opentelemetry\opentelemetry-sdk\1.24.0\opentelemetry-sdk-1.24.0.jar;C:\Users\palvika\.m2\repository\io\opentelemetry\opentelemetry-semconv\1.24.0-alpha\opentelemetry-semconv-1.24.0-alpha.jar;C:\Users\palvika\.m2\repository\io\ous\jtoml\2.0.0\jtoml-2.0.0.jar;C:\Users\palvika\.m2\repository\net\bytebuddy\byte-buddy\1.14.2\byte-buddy-1.14.2.jar;C:\Users\palvika\.m2\repository\org\apache\commons\commons-exec\1.3\commons-exec-1.3.jar;C:\Users\palvika\.m2\repository\org\asynchttpclient\async-http-client\2.12.3\async-http-client-2.12.3.jar;C:\Users\palvika\.m2\repository\org\asynchttpclient\async-http-client-netty-utils\2.12.3\async-http-client-netty-utils-2.12.3.jar;C:\Users\palvika\.m2\repository\io\netty\netty-codec-socks\4.1.60.Final\netty-codec-socks-4.1.60.Final.jar;C:\Users\palvika\.m2\repository\io\netty\netty-handler-proxy\4.1.60.Final\netty-handler-proxy-4.1.60.Final.jar;C:\Users\palvika\.m2\repository\io\netty\netty-transport-native-epoll\4.1.60.Final\netty-transport-native-epoll-4.1.60.Final-linux-x86_64.jar;C:\Users\palvika\.m2\repository\io\netty\netty-transport-native-kqueue\4.1.60.Final\netty-transport-native-kqueue-4.1.60.Final-osx-x86_64.jar;C:\Users\palvika\.m2\repository\org\reactivestreams\reactive-streams\1.0.3\reactive-streams-1.0.3.jar;C:\Users\palvika\.m2\repository\com\typesafe\netty\netty-reactive-streams\2.0.4\netty-reactive-streams-2.0.4.jar;C:\Users\palvika\.m2\repository\com\sun\activation\jakarta.activation\1.2.2\jakarta.activation-1.2.2.jar;C:\Users\palvika\.m2\repository\org\seleniumhq\selenium\selenium-safari-driver\4.8.3\selenium-safari-driver-4.8.3.jar;C:\Users\palvika\.m2\repository\org\seleniumhq\selenium\selenium-support\4.8.3\selenium-support-4.8.3.jar;C:\Users\palvika\.m2\repository\org\apache\poi\poi\5.0.0\poi-5.0.0.jar;C:\Users\palvika\.m2\repository\org\slf4j\slf4j-api\1.7.30\slf4j-api-1.7.30.jar;C:\Users\palvika\.m2\repository\org\slf4j\jcl-over-slf4j\1.7.30\jcl-over-slf4j-1.7.30.jar;C:\Users\palvika\.m2\repository\commons-codec\commons-codec\1.15\commons-codec-1.15.jar;C:\Users\palvika\.m2\repository\org\apache\commons\commons-collections4\4.4\commons-collections4-4.4.jar;C:\Users\palvika\.m2\repository\org\apache\commons\commons-math3\3.6.1\commons-math3-3.6.1.jar;C:\Users\palvika\.m2\repository\com\zaxxer\SparseBitSet\1.2\SparseBitSet-1.2.jar;C:\Users\palvika\.m2\repository\org\apache\poi\poi-ooxml\5.0.0\poi-ooxml-5.0.0.jar;C:\Users\palvika\.m2\repository\org\apache\poi\poi-ooxml-lite\5.0.0\poi-ooxml-lite-5.0.0.jar;C:\Users\palvika\.m2\repository\org\apache\xmlbeans\xmlbeans\4.0.0\xmlbeans-4.0.0.jar;C:\Users\palvika\.m2\repository\org\apache\commons\commons-compress\1.20\commons-compress-1.20.jar;C:\Users\palvika\.m2\repository\com\github\virtuald\curvesapi\1.06\curvesapi-1.06.jar;C:\Users\palvika\.m2\repository\org\bouncycastle\bcpkix-jdk15on\1.68\bcpkix-jdk15on-1.68.jar;C:\Users\palvika\.m2\repository\org\bouncycastle\bcprov-jdk15on\1.68\bcprov-jdk15on-1.68.jar;C:\Users\palvika\.m2\repository\org\apache\santuario\xmlsec\2.2.1\xmlsec-2.2.1.jar;C:\Users\palvika\.m2\repository\com\fasterxml\woodstox\woodstox-core\5.2.1\woodstox-core-5.2.1.jar;C:\Users\palvika\.m2\repository\org\codehaus\woodstox\stax2-api\4.2\stax2-api-4.2.jar;C:\Users\palvika\.m2\repository\jakarta\xml\bind\jakarta.xml.bind-api\2.3.2\jakarta.xml.bind-api-2.3.2.jar;C:\Users\palvika\.m2\repository\jakarta\activation\jakarta.activation-api\1.2.1\jakarta.activation-api-1.2.1.jar;C:\Users\palvika\.m2\repository\org\apache\xmlgraphics\batik-all\1.13\batik-all-1.13.jar;C:\Users\palvika\.m2\repository\org\apache\xmlgraphics\batik-anim\1.13\batik-anim-1.13.jar;C:\Users\palvika\.m2\repository\org\apache\xmlgraphics\batik-shared-resources\1.13\batik-shared-resources-1.13.jar;C:\Users\palvika\.m2\repository\xml-apis\xml-apis-ext\1.3.04\xml-apis-ext-1.3.04.jar;C:\Users\palvika\.m2\repository\org\apache\xmlgraphics\batik-awt-util\1.13\batik-awt-util-1.13.jar;C:\Users\palvika\.m2\repository\org\apache\xmlgraphics\xmlgraphics-commons\2.4\xmlgraphics-commons-2.4.jar;C:\Users\palvika\.m2\repository\commons-io\commons-io\1.3.1\commons-io-1.3.1.jar;C:\Users\palvika\.m2\repository\org\apache\xmlgraphics\batik-bridge\1.13\batik-bridge-1.13.jar;C:\Users\palvika\.m2\repository\org\apache\xmlgraphics\batik-codec\1.13\batik-codec-1.13.jar;C:\Users\palvika\.m2\repository\org\apache\xmlgraphics\batik-constants\1.13\batik-constants-1.13.jar;C:\Users\palvika\.m2\repository\org\apache\xmlgraphics\batik-css\1.13\batik-css-1.13.jar;C:\Users\palvika\.m2\repository\org\apache\xmlgraphics\batik-dom\1.13\batik-dom-1.13.jar;C:\Users\palvika\.m2\repository\xalan\xalan\2.7.2\xalan-2.7.2.jar;C:\Users\palvika\.m2\repository\xalan\serializer\2.7.2\serializer-2.7.2.jar;C:\Users\palvika\.m2\repository\xml-apis\xml-apis\1.4.01\xml-apis-1.4.01.jar;C:\Users\palvika\.m2\repository\org\apache\xmlgraphics\batik-ext\1.13\batik-ext-1.13.jar;C:\Users\palvika\.m2\repository\org\apache\xmlgraphics\batik-extension\1.13\batik-extension-1.13.jar;C:\Users\palvika\.m2\repository\org\apache\xmlgraphics\batik-gui-util\1.13\batik-gui-util-1.13.jar;C:\Users\palvika\.m2\repository\org\apache\xmlgraphics\batik-gvt\1.13\batik-gvt-1.13.jar;C:\Users\palvika\.m2\repository\org\apache\xmlgraphics\batik-i18n\1.13\batik-i18n-1.13.jar;C:\Users\palvika\.m2\repository\org\apache\xmlgraphics\batik-parser\1.13\batik-parser-1.13.jar;C:\Users\palvika\.m2\repository\org\apache\xmlgraphics\batik-rasterizer-ext\1.13\batik-rasterizer-ext-1.13.jar;C:\Users\palvika\.m2\repository\org\apache\xmlgraphics\batik-rasterizer\1.13\batik-rasterizer-1.13.jar;C:\Users\palvika\.m2\repository\org\apache\xmlgraphics\batik-script\1.13\batik-script-1.13.jar;C:\Users\palvika\.m2\repository\org\apache\xmlgraphics\batik-slideshow\1.13\batik-slideshow-1.13.jar;C:\Users\palvika\.m2\repository\org\apache\xmlgraphics\batik-squiggle-ext\1.13\batik-squiggle-ext-1.13.jar;C:\Users\palvika\.m2\repository\org\apache\xmlgraphics\batik-squiggle\1.13\batik-squiggle-1.13.jar;C:\Users\palvika\.m2\repository\org\apache\xmlgraphics\batik-svg-dom\1.13\batik-svg-dom-1.13.jar;C:\Users\palvika\.m2\repository\org\apache\xmlgraphics\batik-svgbrowser\1.13\batik-svgbrowser-1.13.jar;C:\Users\palvika\.m2\repository\org\apache\xmlgraphics\batik-svggen\1.13\batik-svggen-1.13.jar;C:\Users\palvika\.m2\repository\org\apache\xmlgraphics\batik-svgpp\1.13\batik-svgpp-1.13.jar;C:\Users\palvika\.m2\repository\org\apache\xmlgraphics\batik-svgrasterizer\1.13\batik-svgrasterizer-1.13.jar;C:\Users\palvika\.m2\repository\org\apache\xmlgraphics\batik-swing\1.13\batik-swing-1.13.jar;C:\Users\palvika\.m2\repository\org\apache\xmlgraphics\batik-transcoder\1.13\batik-transcoder-1.13.jar;C:\Users\palvika\.m2\repository\org\apache\xmlgraphics\batik-util\1.13\batik-util-1.13.jar;C:\Users\palvika\.m2\repository\org\apache\xmlgraphics\batik-ttf2svg\1.13\batik-ttf2svg-1.13.jar;C:\Users\palvika\.m2\repository\org\apache\xmlgraphics\batik-xml\1.13\batik-xml-1.13.jar;C:\Users\palvika\.m2\repository\de\rototor\pdfbox\graphics2d\0.30\graphics2d-0.30.jar;C:\Users\palvika\.m2\repository\org\apache\pdfbox\pdfbox\2.0.22\pdfbox-2.0.22.jar;C:\Users\palvika\.m2\repository\org\apache\pdfbox\fontbox\2.0.22\fontbox-2.0.22.jar;C:\Users\palvika\.m2\repository\log4j\log4j\1.2.17\log4j-1.2.17.jar;C:\Users\palvika\.m2\repository\org\testng\testng\7.4.0\testng-7.4.0.jar;C:\Users\palvika\.m2\repository\com\beust\jcommander\1.78\jcommander-1.78.jar;C:\Users\palvika\.m2\repository\org\webjars\jquery\3.5.1\jquery-3.5.1.jar;C:\Users\palvika\.m2\repository\com\aventstack\extentreports\4.1.5\extentreports-4.1.5.jar;C:\Users\palvika\.m2\repository\org\freemarker\freemarker\2.3.29\freemarker-2.3.29.jar;C:\Users\palvika\.m2\repository\org\apache\httpcomponents\httpclient\4.5.2\httpclient-4.5.2.jar;C:\Users\palvika\.m2\repository\org\apache\httpcomponents\httpcore\4.4.4\httpcore-4.4.4.jar;C:\Users\palvika\.m2\repository\commons-logging\commons-logging\1.2\commons-logging-1.2.jar;C:\Users\palvika\.m2\repository\org\apache\httpcomponents\httpmime\4.5.2\httpmime-4.5.2.jar;C:\Users\palvika\.m2\repository\com\google\code\gson\gson\2.8.6\gson-2.8.6.jar;C:\Users\palvika\.m2\repository\org\mongodb\mongodb-driver\3.12.0\mongodb-driver-3.12.0.jar;C:\Users\palvika\.m2\repository\org\mongodb\mongodb-driver-core\3.12.0\mongodb-driver-core-3.12.0.jar;C:\Users\palvika\.m2\repository\org\mongodb\bson\3.12.0\bson-3.12.0.jar;"/>
    <property name="java.vm.vendor" value="Oracle Corporation"/>
    <property name="sun.arch.data.model" value="64"/>
    <property name="user.variant" value=""/>
    <property name="java.vendor.url" value="https://java.oracle.com/"/>
    <property name="user.timezone" value="Asia/Calcutta"/>
    <property name="os.name" value="Windows 10"/>
    <property name="java.vm.specification.version" value="17"/>
    <property name="sun.java.launcher" value="SUN_STANDARD"/>
    <property name="user.country" value="IN"/>
    <property name="sun.boot.library.path" value="C:\Users\palvika\jdk-17\bin"/>
    <property name="sun.java.command" value="C:\Users\palvika\AppData\Local\Temp\surefire5898790624892310846\surefirebooter1235132139907611087.jar C:\Users\palvika\AppData\Local\Temp\surefire5898790624892310846 2023-08-05T23-12-45_102-jvmRun1 surefire8629240712446066420tmp surefire_011648626087151791175tmp"/>
    <property name="jdk.debug" value="release"/>
    <property name="surefire.test.class.path" value="D:\Automation_Training\Palvika_3161759_SeleniumAutomation\NAGPSeleniumAutomationFramework\target\test-classes;D:\Automation_Training\Palvika_3161759_SeleniumAutomation\NAGPSeleniumAutomationFramework\target\classes;C:\Users\palvika\.m2\repository\org\seleniumhq\selenium\selenium-java\4.8.3\selenium-java-4.8.3.jar;C:\Users\palvika\.m2\repository\org\seleniumhq\selenium\selenium-api\4.8.3\selenium-api-4.8.3.jar;C:\Users\palvika\.m2\repository\org\seleniumhq\selenium\selenium-chrome-driver\4.8.3\selenium-chrome-driver-4.8.3.jar;C:\Users\palvika\.m2\repository\com\google\auto\service\auto-service-annotations\1.0.1\auto-service-annotations-1.0.1.jar;C:\Users\palvika\.m2\repository\com\google\auto\service\auto-service\1.0.1\auto-service-1.0.1.jar;C:\Users\palvika\.m2\repository\com\google\auto\auto-common\1.2\auto-common-1.2.jar;C:\Users\palvika\.m2\repository\com\google\guava\guava\31.1-jre\guava-31.1-jre.jar;C:\Users\palvika\.m2\repository\com\google\guava\failureaccess\1.0.1\failureaccess-1.0.1.jar;C:\Users\palvika\.m2\repository\com\google\guava\listenablefuture\9999.0-empty-to-avoid-conflict-with-guava\listenablefuture-9999.0-empty-to-avoid-conflict-with-guava.jar;C:\Users\palvika\.m2\repository\com\google\code\findbugs\jsr305\3.0.2\jsr305-3.0.2.jar;C:\Users\palvika\.m2\repository\org\checkerframework\checker-qual\3.12.0\checker-qual-3.12.0.jar;C:\Users\palvika\.m2\repository\com\google\errorprone\error_prone_annotations\2.11.0\error_prone_annotations-2.11.0.jar;C:\Users\palvika\.m2\repository\com\google\j2objc\j2objc-annotations\1.3\j2objc-annotations-1.3.jar;C:\Users\palvika\.m2\repository\org\seleniumhq\selenium\selenium-chromium-driver\4.8.3\selenium-chromium-driver-4.8.3.jar;C:\Users\palvika\.m2\repository\org\seleniumhq\selenium\selenium-json\4.8.3\selenium-json-4.8.3.jar;C:\Users\palvika\.m2\repository\org\seleniumhq\selenium\selenium-manager\4.8.3\selenium-manager-4.8.3.jar;C:\Users\palvika\.m2\repository\org\seleniumhq\selenium\selenium-devtools-v109\4.8.3\selenium-devtools-v109-4.8.3.jar;C:\Users\palvika\.m2\repository\org\seleniumhq\selenium\selenium-devtools-v110\4.8.3\selenium-devtools-v110-4.8.3.jar;C:\Users\palvika\.m2\repository\org\seleniumhq\selenium\selenium-devtools-v111\4.8.3\selenium-devtools-v111-4.8.3.jar;C:\Users\palvika\.m2\repository\org\seleniumhq\selenium\selenium-devtools-v85\4.8.3\selenium-devtools-v85-4.8.3.jar;C:\Users\palvika\.m2\repository\org\seleniumhq\selenium\selenium-edge-driver\4.8.3\selenium-edge-driver-4.8.3.jar;C:\Users\palvika\.m2\repository\org\seleniumhq\selenium\selenium-firefox-driver\4.8.3\selenium-firefox-driver-4.8.3.jar;C:\Users\palvika\.m2\repository\org\seleniumhq\selenium\selenium-http\4.8.3\selenium-http-4.8.3.jar;C:\Users\palvika\.m2\repository\dev\failsafe\failsafe\3.3.1\failsafe-3.3.1.jar;C:\Users\palvika\.m2\repository\org\seleniumhq\selenium\selenium-ie-driver\4.8.3\selenium-ie-driver-4.8.3.jar;C:\Users\palvika\.m2\repository\org\seleniumhq\selenium\selenium-remote-driver\4.8.3\selenium-remote-driver-4.8.3.jar;C:\Users\palvika\.m2\repository\io\netty\netty-buffer\4.1.90.Final\netty-buffer-4.1.90.Final.jar;C:\Users\palvika\.m2\repository\io\netty\netty-codec-http\4.1.90.Final\netty-codec-http-4.1.90.Final.jar;C:\Users\palvika\.m2\repository\io\netty\netty-codec\4.1.90.Final\netty-codec-4.1.90.Final.jar;C:\Users\palvika\.m2\repository\io\netty\netty-handler\4.1.90.Final\netty-handler-4.1.90.Final.jar;C:\Users\palvika\.m2\repository\io\netty\netty-common\4.1.90.Final\netty-common-4.1.90.Final.jar;C:\Users\palvika\.m2\repository\io\netty\netty-transport-classes-epoll\4.1.90.Final\netty-transport-classes-epoll-4.1.90.Final.jar;C:\Users\palvika\.m2\repository\io\netty\netty-transport-classes-kqueue\4.1.90.Final\netty-transport-classes-kqueue-4.1.90.Final.jar;C:\Users\palvika\.m2\repository\io\netty\netty-transport-native-epoll\4.1.90.Final\netty-transport-native-epoll-4.1.90.Final.jar;C:\Users\palvika\.m2\repository\io\netty\netty-transport-native-kqueue\4.1.90.Final\netty-transport-native-kqueue-4.1.90.Final.jar;C:\Users\palvika\.m2\repository\io\netty\netty-transport-native-unix-common\4.1.90.Final\netty-transport-native-unix-common-4.1.90.Final.jar;C:\Users\palvika\.m2\repository\io\netty\netty-transport\4.1.90.Final\netty-transport-4.1.90.Final.jar;C:\Users\palvika\.m2\repository\io\netty\netty-resolver\4.1.90.Final\netty-resolver-4.1.90.Final.jar;C:\Users\palvika\.m2\repository\io\opentelemetry\opentelemetry-api\1.24.0\opentelemetry-api-1.24.0.jar;C:\Users\palvika\.m2\repository\io\opentelemetry\opentelemetry-context\1.24.0\opentelemetry-context-1.24.0.jar;C:\Users\palvika\.m2\repository\io\opentelemetry\opentelemetry-exporter-logging\1.24.0\opentelemetry-exporter-logging-1.24.0.jar;C:\Users\palvika\.m2\repository\io\opentelemetry\opentelemetry-sdk-metrics\1.24.0\opentelemetry-sdk-metrics-1.24.0.jar;C:\Users\palvika\.m2\repository\io\opentelemetry\opentelemetry-sdk-logs\1.24.0-alpha\opentelemetry-sdk-logs-1.24.0-alpha.jar;C:\Users\palvika\.m2\repository\io\opentelemetry\opentelemetry-api-logs\1.24.0-alpha\opentelemetry-api-logs-1.24.0-alpha.jar;C:\Users\palvika\.m2\repository\io\opentelemetry\opentelemetry-api-events\1.24.0-alpha\opentelemetry-api-events-1.24.0-alpha.jar;C:\Users\palvika\.m2\repository\io\opentelemetry\opentelemetry-sdk-common\1.24.0\opentelemetry-sdk-common-1.24.0.jar;C:\Users\palvika\.m2\repository\io\opentelemetry\opentelemetry-sdk-extension-autoconfigure-spi\1.24.0\opentelemetry-sdk-extension-autoconfigure-spi-1.24.0.jar;C:\Users\palvika\.m2\repository\io\opentelemetry\opentelemetry-sdk-extension-autoconfigure\1.24.0-alpha\opentelemetry-sdk-extension-autoconfigure-1.24.0-alpha.jar;C:\Users\palvika\.m2\repository\io\opentelemetry\opentelemetry-sdk-trace\1.24.0\opentelemetry-sdk-trace-1.24.0.jar;C:\Users\palvika\.m2\repository\io\opentelemetry\opentelemetry-sdk\1.24.0\opentelemetry-sdk-1.24.0.jar;C:\Users\palvika\.m2\repository\io\opentelemetry\opentelemetry-semconv\1.24.0-alpha\opentelemetry-semconv-1.24.0-alpha.jar;C:\Users\palvika\.m2\repository\io\ous\jtoml\2.0.0\jtoml-2.0.0.jar;C:\Users\palvika\.m2\repository\net\bytebuddy\byte-buddy\1.14.2\byte-buddy-1.14.2.jar;C:\Users\palvika\.m2\repository\org\apache\commons\commons-exec\1.3\commons-exec-1.3.jar;C:\Users\palvika\.m2\repository\org\asynchttpclient\async-http-client\2.12.3\async-http-client-2.12.3.jar;C:\Users\palvika\.m2\repository\org\asynchttpclient\async-http-client-netty-utils\2.12.3\async-http-client-netty-utils-2.12.3.jar;C:\Users\palvika\.m2\repository\io\netty\netty-codec-socks\4.1.60.Final\netty-codec-socks-4.1.60.Final.jar;C:\Users\palvika\.m2\repository\io\netty\netty-handler-proxy\4.1.60.Final\netty-handler-proxy-4.1.60.Final.jar;C:\Users\palvika\.m2\repository\io\netty\netty-transport-native-epoll\4.1.60.Final\netty-transport-native-epoll-4.1.60.Final-linux-x86_64.jar;C:\Users\palvika\.m2\repository\io\netty\netty-transport-native-kqueue\4.1.60.Final\netty-transport-native-kqueue-4.1.60.Final-osx-x86_64.jar;C:\Users\palvika\.m2\repository\org\reactivestreams\reactive-streams\1.0.3\reactive-streams-1.0.3.jar;C:\Users\palvika\.m2\repository\com\typesafe\netty\netty-reactive-streams\2.0.4\netty-reactive-streams-2.0.4.jar;C:\Users\palvika\.m2\repository\com\sun\activation\jakarta.activation\1.2.2\jakarta.activation-1.2.2.jar;C:\Users\palvika\.m2\repository\org\seleniumhq\selenium\selenium-safari-driver\4.8.3\selenium-safari-driver-4.8.3.jar;C:\Users\palvika\.m2\repository\org\seleniumhq\selenium\selenium-support\4.8.3\selenium-support-4.8.3.jar;C:\Users\palvika\.m2\repository\org\apache\poi\poi\5.0.0\poi-5.0.0.jar;C:\Users\palvika\.m2\repository\org\slf4j\slf4j-api\1.7.30\slf4j-api-1.7.30.jar;C:\Users\palvika\.m2\repository\org\slf4j\jcl-over-slf4j\1.7.30\jcl-over-slf4j-1.7.30.jar;C:\Users\palvika\.m2\repository\commons-codec\commons-codec\1.15\commons-codec-1.15.jar;C:\Users\palvika\.m2\repository\org\apache\commons\commons-collections4\4.4\commons-collections4-4.4.jar;C:\Users\palvika\.m2\repository\org\apache\commons\commons-math3\3.6.1\commons-math3-3.6.1.jar;C:\Users\palvika\.m2\repository\com\zaxxer\SparseBitSet\1.2\SparseBitSet-1.2.jar;C:\Users\palvika\.m2\repository\org\apache\poi\poi-ooxml\5.0.0\poi-ooxml-5.0.0.jar;C:\Users\palvika\.m2\repository\org\apache\poi\poi-ooxml-lite\5.0.0\poi-ooxml-lite-5.0.0.jar;C:\Users\palvika\.m2\repository\org\apache\xmlbeans\xmlbeans\4.0.0\xmlbeans-4.0.0.jar;C:\Users\palvika\.m2\repository\org\apache\commons\commons-compress\1.20\commons-compress-1.20.jar;C:\Users\palvika\.m2\repository\com\github\virtuald\curvesapi\1.06\curvesapi-1.06.jar;C:\Users\palvika\.m2\repository\org\bouncycastle\bcpkix-jdk15on\1.68\bcpkix-jdk15on-1.68.jar;C:\Users\palvika\.m2\repository\org\bouncycastle\bcprov-jdk15on\1.68\bcprov-jdk15on-1.68.jar;C:\Users\palvika\.m2\repository\org\apache\santuario\xmlsec\2.2.1\xmlsec-2.2.1.jar;C:\Users\palvika\.m2\repository\com\fasterxml\woodstox\woodstox-core\5.2.1\woodstox-core-5.2.1.jar;C:\Users\palvika\.m2\repository\org\codehaus\woodstox\stax2-api\4.2\stax2-api-4.2.jar;C:\Users\palvika\.m2\repository\jakarta\xml\bind\jakarta.xml.bind-api\2.3.2\jakarta.xml.bind-api-2.3.2.jar;C:\Users\palvika\.m2\repository\jakarta\activation\jakarta.activation-api\1.2.1\jakarta.activation-api-1.2.1.jar;C:\Users\palvika\.m2\repository\org\apache\xmlgraphics\batik-all\1.13\batik-all-1.13.jar;C:\Users\palvika\.m2\repository\org\apache\xmlgraphics\batik-anim\1.13\batik-anim-1.13.jar;C:\Users\palvika\.m2\repository\org\apache\xmlgraphics\batik-shared-resources\1.13\batik-shared-resources-1.13.jar;C:\Users\palvika\.m2\repository\xml-apis\xml-apis-ext\1.3.04\xml-apis-ext-1.3.04.jar;C:\Users\palvika\.m2\repository\org\apache\xmlgraphics\batik-awt-util\1.13\batik-awt-util-1.13.jar;C:\Users\palvika\.m2\repository\org\apache\xmlgraphics\xmlgraphics-commons\2.4\xmlgraphics-commons-2.4.jar;C:\Users\palvika\.m2\repository\commons-io\commons-io\1.3.1\commons-io-1.3.1.jar;C:\Users\palvika\.m2\repository\org\apache\xmlgraphics\batik-bridge\1.13\batik-bridge-1.13.jar;C:\Users\palvika\.m2\repository\org\apache\xmlgraphics\batik-codec\1.13\batik-codec-1.13.jar;C:\Users\palvika\.m2\repository\org\apache\xmlgraphics\batik-constants\1.13\batik-constants-1.13.jar;C:\Users\palvika\.m2\repository\org\apache\xmlgraphics\batik-css\1.13\batik-css-1.13.jar;C:\Users\palvika\.m2\repository\org\apache\xmlgraphics\batik-dom\1.13\batik-dom-1.13.jar;C:\Users\palvika\.m2\repository\xalan\xalan\2.7.2\xalan-2.7.2.jar;C:\Users\palvika\.m2\repository\xalan\serializer\2.7.2\serializer-2.7.2.jar;C:\Users\palvika\.m2\repository\xml-apis\xml-apis\1.4.01\xml-apis-1.4.01.jar;C:\Users\palvika\.m2\repository\org\apache\xmlgraphics\batik-ext\1.13\batik-ext-1.13.jar;C:\Users\palvika\.m2\repository\org\apache\xmlgraphics\batik-extension\1.13\batik-extension-1.13.jar;C:\Users\palvika\.m2\repository\org\apache\xmlgraphics\batik-gui-util\1.13\batik-gui-util-1.13.jar;C:\Users\palvika\.m2\repository\org\apache\xmlgraphics\batik-gvt\1.13\batik-gvt-1.13.jar;C:\Users\palvika\.m2\repository\org\apache\xmlgraphics\batik-i18n\1.13\batik-i18n-1.13.jar;C:\Users\palvika\.m2\repository\org\apache\xmlgraphics\batik-parser\1.13\batik-parser-1.13.jar;C:\Users\palvika\.m2\repository\org\apache\xmlgraphics\batik-rasterizer-ext\1.13\batik-rasterizer-ext-1.13.jar;C:\Users\palvika\.m2\repository\org\apache\xmlgraphics\batik-rasterizer\1.13\batik-rasterizer-1.13.jar;C:\Users\palvika\.m2\repository\org\apache\xmlgraphics\batik-script\1.13\batik-script-1.13.jar;C:\Users\palvika\.m2\repository\org\apache\xmlgraphics\batik-slideshow\1.13\batik-slideshow-1.13.jar;C:\Users\palvika\.m2\repository\org\apache\xmlgraphics\batik-squiggle-ext\1.13\batik-squiggle-ext-1.13.jar;C:\Users\palvika\.m2\repository\org\apache\xmlgraphics\batik-squiggle\1.13\batik-squiggle-1.13.jar;C:\Users\palvika\.m2\repository\org\apache\xmlgraphics\batik-svg-dom\1.13\batik-svg-dom-1.13.jar;C:\Users\palvika\.m2\repository\org\apache\xmlgraphics\batik-svgbrowser\1.13\batik-svgbrowser-1.13.jar;C:\Users\palvika\.m2\repository\org\apache\xmlgraphics\batik-svggen\1.13\batik-svggen-1.13.jar;C:\Users\palvika\.m2\repository\org\apache\xmlgraphics\batik-svgpp\1.13\batik-svgpp-1.13.jar;C:\Users\palvika\.m2\repository\org\apache\xmlgraphics\batik-svgrasterizer\1.13\batik-svgrasterizer-1.13.jar;C:\Users\palvika\.m2\repository\org\apache\xmlgraphics\batik-swing\1.13\batik-swing-1.13.jar;C:\Users\palvika\.m2\repository\org\apache\xmlgraphics\batik-transcoder\1.13\batik-transcoder-1.13.jar;C:\Users\palvika\.m2\repository\org\apache\xmlgraphics\batik-util\1.13\batik-util-1.13.jar;C:\Users\palvika\.m2\repository\org\apache\xmlgraphics\batik-ttf2svg\1.13\batik-ttf2svg-1.13.jar;C:\Users\palvika\.m2\repository\org\apache\xmlgraphics\batik-xml\1.13\batik-xml-1.13.jar;C:\Users\palvika\.m2\repository\de\rototor\pdfbox\graphics2d\0.30\graphics2d-0.30.jar;C:\Users\palvika\.m2\repository\org\apache\pdfbox\pdfbox\2.0.22\pdfbox-2.0.22.jar;C:\Users\palvika\.m2\repository\org\apache\pdfbox\fontbox\2.0.22\fontbox-2.0.22.jar;C:\Users\palvika\.m2\repository\log4j\log4j\1.2.17\log4j-1.2.17.jar;C:\Users\palvika\.m2\repository\org\testng\testng\7.4.0\testng-7.4.0.jar;C:\Users\palvika\.m2\repository\com\beust\jcommander\1.78\jcommander-1.78.jar;C:\Users\palvika\.m2\repository\org\webjars\jquery\3.5.1\jquery-3.5.1.jar;C:\Users\palvika\.m2\repository\com\aventstack\extentreports\4.1.5\extentreports-4.1.5.jar;C:\Users\palvika\.m2\repository\org\freemarker\freemarker\2.3.29\freemarker-2.3.29.jar;C:\Users\palvika\.m2\repository\org\apache\httpcomponents\httpclient\4.5.2\httpclient-4.5.2.jar;C:\Users\palvika\.m2\repository\org\apache\httpcomponents\httpcore\4.4.4\httpcore-4.4.4.jar;C:\Users\palvika\.m2\repository\commons-logging\commons-logging\1.2\commons-logging-1.2.jar;C:\Users\palvika\.m2\repository\org\apache\httpcomponents\httpmime\4.5.2\httpmime-4.5.2.jar;C:\Users\palvika\.m2\repository\com\google\code\gson\gson\2.8.6\gson-2.8.6.jar;C:\Users\palvika\.m2\repository\org\mongodb\mongodb-driver\3.12.0\mongodb-driver-3.12.0.jar;C:\Users\palvika\.m2\repository\org\mongodb\mongodb-driver-core\3.12.0\mongodb-driver-core-3.12.0.jar;C:\Users\palvika\.m2\repository\org\mongodb\bson\3.12.0\bson-3.12.0.jar;"/>
    <property name="sun.cpu.endian" value="little"/>
    <property name="user.home" value="C:\Users\palvika"/>
    <property name="user.language" value="en"/>
    <property name="java.specification.vendor" value="Oracle Corporation"/>
    <property name="java.version.date" value="2021-09-14"/>
    <property name="java.home" value="C:\Users\palvika\jdk-17"/>
    <property name="file.separator" value="\"/>
    <property name="basedir" value="D:\Automation_Training\Palvika_3161759_SeleniumAutomation\NAGPSeleniumAutomationFramework"/>
    <property name="java.vm.compressedOopsMode" value="Zero based"/>
    <property name="line.separator" value="&#10;"/>
    <property name="java.vm.specification.vendor" value="Oracle Corporation"/>
    <property name="java.specification.name" value="Java Platform API Specification"/>
    <property name="surefire.real.class.path" value="C:\Users\palvika\AppData\Local\Temp\surefire5898790624892310846\surefirebooter1235132139907611087.jar"/>
    <property name="user.script" value=""/>
    <property name="sun.management.compiler" value="HotSpot 64-Bit Tiered Compilers"/>
    <property name="java.runtime.version" value="17+35-2724"/>
    <property name="user.name" value="palvika"/>
    <property name="path.separator" value=";"/>
    <property name="os.version" value="10.0"/>
    <property name="java.runtime.name" value="OpenJDK Runtime Environment"/>
    <property name="file.encoding" value="Cp1252"/>
    <property name="java.vm.name" value="OpenJDK 64-Bit Server VM"/>
    <property name="localRepository" value="C:\Users\palvika\.m2\repository"/>
    <property name="java.vendor.url.bug" value="https://bugreport.java.com/bugreport/"/>
    <property name="java.io.tmpdir" value="C:\Users\palvika\AppData\Local\Temp\"/>
    <property name="java.version" value="17"/>
    <property name="user.dir" value="D:\Automation_Training\Palvika_3161759_SeleniumAutomation\NAGPSeleniumAutomationFramework"/>
    <property name="os.arch" value="amd64"/>
    <property name="java.vm.specification.name" value="Java Virtual Machine Specification"/>
    <property name="sun.os.patch.level" value=""/>
    <property name="native.encoding" value="Cp1252"/>
    <property name="java.library.path" value="C:\Users\palvika\jdk-17\bin;C:\WINDOWS\Sun\Java\bin;C:\WINDOWS\system32;C:\WINDOWS;C:\Python310\Scripts\;C:\Python310\;C:\Windows\system32;C:\Windows;C:\Windows\System32\Wbem;C:\Windows\System32\WindowsPowerShell\v1.0\;C:\Windows\System32\OpenSSH\;C:\Users\palvika\jdk-17\bin;C:\Program Files\TortoiseSVN\bin;C:\Program Files\RedHat\java-11-openjdk-11.0.5-2\bin;C:\Program Files\Microsoft SQL Server\150\Tools\Binn\;C:\Program Files\Microsoft SQL Server\Client SDK\ODBC\170\Tools\Binn\;C:\Program Files\dotnet\;C:\ProgramData\chocolatey\bin;C:\Program Files\nodejs\;C:\Program Files\Docker\Docker\resources\bin;C:\ProgramData\DockerDesktop\version-bin;C:\WINDOWS\system32;C:\WINDOWS;C:\WINDOWS\System32\Wbem;C:\WINDOWS\System32\WindowsPowerShell\v1.0\;C:\WINDOWS\System32\OpenSSH\;C:\sonarqube-10.1.0.73491\bin;C:\artifactory-oss-7.63.10\app\bin;C:\Users\palvika\scoop\shims;C:\Users\palvika\AppData\Local\Microsoft\WindowsApps;D:\apache-maven-3.8.4-bin\apache-maven-3.8.4\bin;;C:\Program Files\Lando\bin;C:\Users\palvika\AppData\Local\Programs\Microsoft VS Code\bin;C:\Users\palvika\AppData\Local\Microsoft\WindowsApps;."/>
    <property name="java.vm.info" value="mixed mode, sharing"/>
    <property name="java.vendor" value="Oracle Corporation"/>
    <property name="java.vm.version" value="17+35-2724"/>
    <property name="sun.io.unicode.encoding" value="UnicodeLittle"/>
    <property name="java.class.version" value="61.0"/>
    <property name="current.date.time" value="05-08-2023-11-12-49"/>
  </properties>
  <testcase name="VerifyLoginWithIncorrectCred" classname="com.nagarro.automation.testSuite.LumaTestSuite" time="4.579">
    <system-out><![CDATA[2023-08-05 23:12:49 INFO  TestReport:20 - D:\Automation_Training\Palvika_3161759_SeleniumAutomation\NAGPSeleniumAutomationFramework
2023-08-05 23:12:49 INFO  TestReport:49 - Creating a HTML report
2023-08-05 23:12:49 INFO  CleanUp:20 - D:\Automation_Training\Palvika_3161759_SeleniumAutomation\NAGPSeleniumAutomationFramework
2023-08-05 23:12:50 INFO  SetDriver:20 - D:\Automation_Training\Palvika_3161759_SeleniumAutomation\NAGPSeleniumAutomationFramework
2023-08-05 23:12:50 INFO  Drivers:20 - D:\Automation_Training\Palvika_3161759_SeleniumAutomation\NAGPSeleniumAutomationFramework
2023-08-05 23:12:50 INFO  SetDriver:44 - Going to invoke the browser Chrome==>chrome
2023-08-05 23:12:57 INFO  Drivers:43 - going to invoke browser
2023-08-05 23:12:57 INFO  Drivers:48 - Chrome Driver initiatized 
2023-08-05 23:12:57 INFO  SetDriver:48 - ChromeDriver: chrome on WINDOWS (d13386ed896bf5f2dd6706c41c69536b)
2023-08-05 23:13:03 INFO  LumaTestSuite:44 - Going to verify the login with Incorrect credentials
2023-08-05 23:13:03 INFO  LoginTestCase:20 - D:\Automation_Training\Palvika_3161759_SeleniumAutomation\NAGPSeleniumAutomationFramework
2023-08-05 23:13:03 INFO  LandingPage:20 - D:\Automation_Training\Palvika_3161759_SeleniumAutomation\NAGPSeleniumAutomationFramework
2023-08-05 23:13:05 INFO  LandingPage:45 - SignIn CTA is clicked on Landing page
2023-08-05 23:13:05 INFO  LoginPage:20 - D:\Automation_Training\Palvika_3161759_SeleniumAutomation\NAGPSeleniumAutomationFramework
2023-08-05 23:13:05 INFO  LoginPage:52 - The Page title of the page Customer Login
2023-08-05 23:13:05 INFO  LoginPage:59 - Username is entered in the Username field on Login page
2023-08-05 23:13:06 INFO  LoginPage:65 - Password is entered in the Password field on Login page
2023-08-05 23:13:08 INFO  LoginPage:71 - Submit button is clicked
]]></system-out>
    <system-err><![CDATA[log4j:WARN No appenders could be found for logger (LumaTestSuite).
log4j:WARN Please initialize the log4j system properly.
log4j:WARN See http://logging.apache.org/log4j/1.2/faq.html#noconfig for more info.
Aug 05, 2023 11:12:53 PM org.openqa.selenium.manager.SeleniumManager lambda$runCommand$2
WARNING: Error getting version of chromedriver 115. Retrying with chromedriver 114 (attempt 1/5)
SLF4J: Failed to load class "org.slf4j.impl.StaticLoggerBinder".
SLF4J: Defaulting to no-operation (NOP) logger implementation
SLF4J: See http://www.slf4j.org/codes.html#StaticLoggerBinder for further details.
Starting ChromeDriver 114.0.5735.90 (386bc09e8f4f2e025eddae123f36f6263096ae49-refs/branch-heads/5735@{#1052}) on port 43839
Only local connections are allowed.
Please see https://chromedriver.chromium.org/security-considerations for suggestions on keeping ChromeDriver safe.
ChromeDriver was started successfully.
[1691257376.507][WARNING]: This version of ChromeDriver has not been tested with Chrome version 115.
Aug 05, 2023 11:12:57 PM org.openqa.selenium.devtools.CdpVersionFinder findNearestMatch
WARNING: Unable to find an exact match for CDP version 115, so returning the closest version found: 111
]]></system-err>
  </testcase>
  <testcase name="VerifyLoginWithInvalidCred" classname="com.nagarro.automation.testSuite.LumaTestSuite" time="2.732">
    <system-out><![CDATA[2023-08-05 23:13:08 INFO  LumaTestSuite:52 - Going to verify the login with invalid credentials
2023-08-05 23:13:10 INFO  LandingPage:45 - SignIn CTA is clicked on Landing page
2023-08-05 23:13:10 INFO  LoginPage:52 - The Page title of the page Customer Login
2023-08-05 23:13:10 INFO  LoginPage:59 - Username is entered in the Username field on Login page
2023-08-05 23:13:11 INFO  LoginPage:65 - Password is entered in the Password field on Login page
2023-08-05 23:13:11 INFO  LoginPage:71 - Submit button is clicked
2023-08-05 23:13:11 INFO  LoginPage:91 - The Email error on login page Please enter a valid email address (Ex: johndoe@domain.com).
]]></system-out>
  </testcase>
  <testcase name="VerifyLoginWithoutCredentials" classname="com.nagarro.automation.testSuite.LumaTestSuite" time="2.518">
    <system-out><![CDATA[2023-08-05 23:13:11 INFO  LumaTestSuite:60 - Going to verify the alert message after clicking on sign in button without giving credentials
2023-08-05 23:13:13 INFO  LandingPage:45 - SignIn CTA is clicked on Landing page
2023-08-05 23:13:13 INFO  LoginPage:52 - The Page title of the page Customer Login
2023-08-05 23:13:14 INFO  LoginPage:71 - Submit button is clicked
]]></system-out>
  </testcase>
  <testcase name="VerifyRegistrationPageMandatoryfield" classname="com.nagarro.automation.testSuite.LumaTestSuite" time="2.592">
    <system-out><![CDATA[2023-08-05 23:13:14 INFO  LumaTestSuite:67 - Going to verify the Mandatory fields of the Registration page
2023-08-05 23:13:14 INFO  RegisterUserTestCase:20 - D:\Automation_Training\Palvika_3161759_SeleniumAutomation\NAGPSeleniumAutomationFramework
2023-08-05 23:13:14 INFO  TestReport:49 - Creating a HTML report
2023-08-05 23:13:16 INFO  LandingPage:39 - Create An Account CTA is clicked on Landing page
2023-08-05 23:13:16 INFO  CreateAnAccountPage:20 - D:\Automation_Training\Palvika_3161759_SeleniumAutomation\NAGPSeleniumAutomationFramework
2023-08-05 23:13:16 INFO  CreateAnAccountPage:70 - The Page title of the Create An Account page Create New Customer Account
2023-08-05 23:13:16 INFO  CreateAnAccountPage:113 - Create An Account CTA is clicked
]]></system-out>
  </testcase>
  <testcase name="VerifySearch" classname="com.nagarro.automation.testSuite.LumaTestSuite" time="5.332">
    <system-out><![CDATA[2023-08-05 23:13:17 INFO  LumaTestSuite:74 - Going to Verify the search functionality
2023-08-05 23:13:17 INFO  SearchTC:20 - D:\Automation_Training\Palvika_3161759_SeleniumAutomation\NAGPSeleniumAutomationFramework
2023-08-05 23:13:17 INFO  HomePage:20 - D:\Automation_Training\Palvika_3161759_SeleniumAutomation\NAGPSeleniumAutomationFramework
2023-08-05 23:13:19 INFO  HomePage:87 - Home page is open
2023-08-05 23:13:19 INFO  HomePage:73 - The Page title of the home page Home Page
2023-08-05 23:13:19 INFO  HomePage:60 - Search text is entered in the search field on home page
2023-08-05 23:13:19 INFO  KeyWords:20 - D:\Automation_Training\Palvika_3161759_SeleniumAutomation\NAGPSeleniumAutomationFramework
2023-08-05 23:13:22 INFO  KeyWords:36 - Enter key is pressed
2023-08-05 23:13:22 INFO  HomePage:67 - Search icon is clicked
2023-08-05 23:13:22 INFO  ProductMetricsPage:20 - D:\Automation_Training\Palvika_3161759_SeleniumAutomation\NAGPSeleniumAutomationFramework
2023-08-05 23:13:22 INFO  ProductMetricsPage:43 - The search text on the page after search result
]]></system-out>
  </testcase>
  <testcase name="VerifyApplyFilter" classname="com.nagarro.automation.testSuite.LumaTestSuite" time="9.838">
    <system-out><![CDATA[2023-08-05 23:13:23 INFO  LumaTestSuite:83 - Going to verify the filter after applying it for the bags under gear section
2023-08-05 23:13:23 INFO  AddToCartTestCase:20 - D:\Automation_Training\Palvika_3161759_SeleniumAutomation\NAGPSeleniumAutomationFramework
2023-08-05 23:13:25 INFO  HomePage:87 - Home page is open
2023-08-05 23:13:25 INFO  HomePage:73 - The Page title of the home page Home Page
2023-08-05 23:13:27 INFO  HomePage:93 - Gear icon is clicked
2023-08-05 23:13:27 INFO  GearPage:20 - D:\Automation_Training\Palvika_3161759_SeleniumAutomation\NAGPSeleniumAutomationFramework
2023-08-05 23:13:30 INFO  GearPage:34 - Bags is selected
2023-08-05 23:13:30 INFO  BagsPage:20 - D:\Automation_Training\Palvika_3161759_SeleniumAutomation\NAGPSeleniumAutomationFramework
2023-08-05 23:13:30 INFO  ElementWait:20 - D:\Automation_Training\Palvika_3161759_SeleniumAutomation\NAGPSeleniumAutomationFramework
2023-08-05 23:13:30 INFO  ElementWait:39 - the value of wait is 20
2023-08-05 23:13:30 INFO  ElementWait:39 - the value of wait is 20
2023-08-05 23:13:32 INFO  BagsPage:50 - Style filter is applied
2023-08-05 23:13:32 INFO  BagsPage:55 - Applied filter label is Style
2023-08-05 23:13:32 INFO  BagsPage:60 - Applied filter value is Backpack
]]></system-out>
  </testcase>
  <testcase name="VerifyCreateAnAccountPage" classname="com.nagarro.automation.testSuite.LumaTestSuite" time="14.437">
    <failure message="Timed out after 10 seconds. Unable to locate the element" type="org.openqa.selenium.NoSuchElementException"><![CDATA[org.openqa.selenium.NoSuchElementException: Timed out after 10 seconds. Unable to locate the element
	at com.nagarro.automation.testSuite.LumaTestSuite.VerifyCreateAnAccountPage(LumaTestSuite.java:94)
Caused by: org.openqa.selenium.NoSuchElementException: 
no such element: Unable to locate element: {"method":"xpath","selector":"//input[@name='is_subscribed']"}
  (Session info: chrome=115.0.5790.111)
For documentation on this error, please visit: https://selenium.dev/exceptions/#no_such_element
Build info: version: '4.8.3', revision: 'e5e76298c3'
System info: os.name: 'Windows 10', os.arch: 'amd64', os.version: '10.0', java.version: '17'
Driver info: org.openqa.selenium.chrome.ChromeDriver
Command: [d13386ed896bf5f2dd6706c41c69536b, findElement {using=xpath, value=//input[@name='is_subscribed']}]
Capabilities {acceptInsecureCerts: false, browserName: chrome, browserVersion: 115.0.5790.111, chrome: {chromedriverVersion: 114.0.5735.90 (386bc09e8f4f..., userDataDir: C:\WINDOWS\SystemTemp\scope...}, goog:chromeOptions: {debuggerAddress: localhost:52918}, networkConnectionEnabled: false, pageLoadStrategy: normal, platformName: WINDOWS, proxy: Proxy(), se:cdp: ws://localhost:52918/devtoo..., se:cdpVersion: 115.0.5790.111, setWindowRect: true, strictFileInteractability: false, timeouts: {implicit: 0, pageLoad: 300000, script: 30000}, unhandledPromptBehavior: dismiss and notify, webauthn:extension:credBlob: true, webauthn:extension:largeBlob: true, webauthn:extension:minPinLength: true, webauthn:extension:prf: true, webauthn:virtualAuthenticators: true}
Session ID: d13386ed896bf5f2dd6706c41c69536b
	at com.nagarro.automation.testSuite.LumaTestSuite.VerifyCreateAnAccountPage(LumaTestSuite.java:94)
]]></failure>
    <system-out><![CDATA[2023-08-05 23:13:33 INFO  LumaTestSuite:92 - Going to execute the Create An Account page Test Cases
2023-08-05 23:13:34 INFO  LandingPage:39 - Create An Account CTA is clicked on Landing page
2023-08-05 23:13:35 INFO  CreateAnAccountPage:70 - The Page title of the Create An Account page Create New Customer Account
2023-08-05 23:13:35 INFO  XlsxUtil:20 - D:\Automation_Training\Palvika_3161759_SeleniumAutomation\NAGPSeleniumAutomationFramework
2023-08-05 23:13:37 INFO  RegisterUserTestCase:113 - FirstName: Test
2023-08-05 23:13:37 INFO  RegisterUserTestCase:114 - LastName: User
2023-08-05 23:13:37 INFO  RegisterUserTestCase:115 - Email: TestUser@gmail.com
2023-08-05 23:13:37 INFO  RegisterUserTestCase:116 - Password: Test@123
2023-08-05 23:13:37 INFO  RegisterUserTestCase:117 - Confirm Password: Test@123
2023-08-05 23:13:37 INFO  CreateAnAccountPage:77 - First name is entered in the FirstName field
2023-08-05 23:13:37 INFO  CreateAnAccountPage:83 - Last name is entered in the LastName field
]]></system-out>
  </testcase>
  <testcase name="VerifyloginPage" classname="com.nagarro.automation.testSuite.LumaTestSuite" time="6.687">
    <failure message="expected [true] but found [false]" type="java.lang.AssertionError"><![CDATA[java.lang.AssertionError: expected [true] but found [false]
	at com.nagarro.automation.testSuite.LumaTestSuite.VerifyloginPage(LumaTestSuite.java:103)
]]></failure>
    <system-out><![CDATA[2023-08-05 23:13:48 INFO  LumaTestSuite:101 - Going to execute the login page Test cases
2023-08-05 23:13:48 INFO  LoggedInPage:20 - D:\Automation_Training\Palvika_3161759_SeleniumAutomation\NAGPSeleniumAutomationFramework
2023-08-05 23:13:48 INFO  ElementWait:39 - the value of wait is 20
2023-08-05 23:13:48 INFO  LoggedInPage:84 - Checking if user is logged in or not
2023-08-05 23:13:48 INFO  LoggedInPage:93 - User is not logged in on the site
2023-08-05 23:13:50 INFO  LandingPage:45 - SignIn CTA is clicked on Landing page
2023-08-05 23:13:50 INFO  LoginPage:52 - The Page title of the page Customer Login
2023-08-05 23:13:50 INFO  LoginTestCase:109 - UserName: TestUser@gmail.com
2023-08-05 23:13:50 INFO  LoginTestCase:110 - Password: Test@123
2023-08-05 23:13:50 INFO  LoginPage:59 - Username is entered in the Username field on Login page
2023-08-05 23:13:50 INFO  LoginPage:65 - Password is entered in the Password field on Login page
2023-08-05 23:13:54 INFO  LoginPage:71 - Submit button is clicked
2023-08-05 23:13:54 INFO  HomePage:47 - The login message on the page 
]]></system-out>
  </testcase>
  <testcase name="VerifyAddtoCart" classname="com.nagarro.automation.testSuite.LumaTestSuite" time="5.416">
    <failure message="expected [true] but found [false]" type="java.lang.AssertionError"><![CDATA[java.lang.AssertionError: expected [true] but found [false]
	at com.nagarro.automation.testSuite.LumaTestSuite.VerifyAddtoCart(LumaTestSuite.java:112)
]]></failure>
    <system-out><![CDATA[2023-08-05 23:13:55 INFO  LumaTestSuite:110 - Going to Verify the add to cart functionality
2023-08-05 23:13:55 INFO  AddToCartTestCase:20 - D:\Automation_Training\Palvika_3161759_SeleniumAutomation\NAGPSeleniumAutomationFramework
2023-08-05 23:13:55 INFO  ElementWait:39 - the value of wait is 20
2023-08-05 23:13:55 INFO  LoggedInPage:84 - Checking if user is logged in or not
2023-08-05 23:13:55 INFO  LoggedInPage:93 - User is not logged in on the site
2023-08-05 23:13:56 INFO  LandingPage:45 - SignIn CTA is clicked on Landing page
2023-08-05 23:13:56 INFO  LoginPage:52 - The Page title of the page Customer Login
2023-08-05 23:13:57 INFO  LoginTestCase:109 - UserName: TestUser@gmail.com
2023-08-05 23:13:57 INFO  LoginTestCase:110 - Password: Test@123
2023-08-05 23:13:57 INFO  LoginPage:59 - Username is entered in the Username field on Login page
2023-08-05 23:13:57 INFO  LoginPage:65 - Password is entered in the Password field on Login page
2023-08-05 23:14:00 INFO  LoginPage:71 - Submit button is clicked
2023-08-05 23:14:00 INFO  HomePage:47 - The login message on the page 
]]></system-out>
  </testcase>
</testsuite>